Mono path[0] = '/home/modus/media/Games/gog/darkwood/game/Darkwood_Data/Managed'
Mono config path = '/home/modus/media/Games/gog/darkwood/game/Darkwood_Data/MonoBleedingEdge/etc'
Preloaded 'libsteam_api.so'
Unable to preload the following plugins:
	libunitystadia.so
	libunitystadia_preview.so
Display 0 'DP-2 27"': 2560x1440 (primary device).
Display 1 'DP-3 22"': 1080x1920 (secondary device).
[Physics::Module] Initialized MultithreadedJobDispatcher with {0} workers.
Desktop is 2560 x 1440 @ 144 Hz
Initialize engine version: 2021.3.30f1 (b4360d7cdac4)
[Subsystems] Discovering subsystems at path /home/modus/media/Games/gog/darkwood/game/Darkwood_Data/UnitySubsystems
GfxDevice: creating device client; threaded=1; jobified=0
Renderer: NVIDIA GeForce RTX 2080 Ti/PCIe/SSE2
Vendor:   NVIDIA Corporation
Version:  4.5.0 NVIDIA 550.90.07
GLES:     0
 GL_AMD_multi_draw_indirect GL_AMD_seamless_cubemap_per_texture GL_AMD_vertex_shader_viewport_index GL_AMD_vertex_shader_layer GL_ARB_arrays_of_arrays GL_ARB_base_instance GL_ARB_bindless_texture GL_ARB_blend_func_extended GL_ARB_buffer_storage GL_ARB_clear_buffer_object GL_ARB_clear_texture GL_ARB_clip_control GL_ARB_color_buffer_float GL_ARB_compressed_texture_pixel_storage GL_ARB_conservative_depth GL_ARB_compute_shader GL_ARB_compute_variable_group_size GL_ARB_conditional_render_inverted GL_ARB_copy_buffer GL_ARB_copy_image GL_ARB_cull_distance GL_ARB_debug_output GL_ARB_depth_buffer_float GL_ARB_depth_clamp GL_ARB_depth_texture GL_ARB_derivative_control GL_ARB_direct_state_access GL_ARB_draw_buffers GL_ARB_draw_buffers_blend GL_ARB_draw_indirect GL_ARB_draw_elements_base_vertex GL_ARB_draw_instanced GL_ARB_enhanced_layouts GL_ARB_ES2_compatibility GL_ARB_ES3_compatibility GL_ARB_ES3_1_compatibility GL_ARB_ES3_2_compatibility GL_ARB_explicit_attrib_location GL_ARB_explicit_uniform_location GL_ARB_fragmen
t_coord_conventions GL_ARB_fragment_layer_viewport GL_ARB_fragment_program GL_ARB_fragment_program_shadow GL_ARB_fragment_shader GL_ARB_fragment_shader_interlock GL_ARB_framebuffer_no_attachments GL_ARB_framebuffer_object GL_ARB_framebuffer_sRGB GL_ARB_geometry_shader4 GL_ARB_get_program_binary GL_ARB_get_texture_sub_image GL_ARB_gl_spirv GL_ARB_gpu_shader5 GL_ARB_gpu_shader_fp64 GL_ARB_gpu_shader_int64 GL_ARB_half_float_pixel GL_ARB_half_float_vertex GL_ARB_imaging GL_ARB_indirect_parameters GL_ARB_instanced_arrays GL_ARB_internalformat_query GL_ARB_internalformat_query2 GL_ARB_invalidate_subdata GL_ARB_map_buffer_alignment GL_ARB_map_buffer_range GL_ARB_multi_bind GL_ARB_multi_draw_indirect GL_ARB_multisample GL_ARB_multitexture GL_ARB_occlusion_query GL_ARB_occlusion_query2 GL_ARB_parallel_shader_compile GL_ARB_pipeline_statistics_query GL_ARB_pixel_buffer_object GL_ARB_point_parameters GL_ARB_point_sprite GL_ARB_polygon_offset_clamp GL_ARB_post_depth_coverage GL_ARB_program_interface_query GL_ARB_provoki
ng_vertex GL_ARB_query_buffer_object GL_ARB_robust_buffer_access_behavior GL_ARB_robustness GL_ARB_sample_locations GL_ARB_sample_shading GL_ARB_sampler_objects GL_ARB_seamless_cube_map GL_ARB_seamless_cubemap_per_texture GL_ARB_separate_shader_objects GL_ARB_shader_atomic_counter_ops GL_ARB_shader_atomic_counters GL_ARB_shader_ballot GL_ARB_shader_bit_encoding GL_ARB_shader_clock GL_ARB_shader_draw_parameters GL_ARB_shader_group_vote GL_ARB_shader_image_load_store GL_ARB_shader_image_size GL_ARB_shader_objects GL_ARB_shader_precision GL_ARB_shader_storage_buffer_object GL_ARB_shader_subroutine GL_ARB_shader_texture_image_samples GL_ARB_shader_texture_lod GL_ARB_shading_language_100 GL_ARB_shader_viewport_layer_array GL_ARB_shading_language_420pack GL_ARB_shading_language_include GL_ARB_shading_language_packing GL_ARB_shadow GL_ARB_sparse_buffer GL_ARB_sparse_texture GL_ARB_sparse_texture2 GL_ARB_sparse_texture_clamp GL_ARB_spirv_extensions GL_ARB_stencil_texturing GL_ARB_sync GL_ARB_tessellation_shader GL_A
RB_texture_barrier GL_ARB_texture_border_clamp GL_ARB_texture_buffer_object GL_ARB_texture_buffer_object_rgb32 GL_ARB_texture_buffer_range GL_ARB_texture_compression GL_ARB_texture_compression_bptc GL_ARB_texture_compression_rgtc GL_ARB_texture_cube_map GL_ARB_texture_cube_map_array GL_ARB_texture_env_add GL_ARB_texture_env_combine GL_ARB_texture_env_crossbar GL_ARB_texture_env_dot3 GL_ARB_texture_filter_anisotropic GL_ARB_texture_filter_minmax GL_ARB_texture_float GL_ARB_texture_gather GL_ARB_texture_mirror_clamp_to_edge GL_ARB_texture_mirrored_repeat GL_ARB_texture_multisample GL_ARB_texture_non_power_of_two GL_ARB_texture_query_levels GL_ARB_texture_query_lod GL_ARB_texture_rectangle GL_ARB_texture_rg GL_ARB_texture_rgb10_a2ui GL_ARB_texture_stencil8 GL_ARB_texture_storage GL_ARB_texture_storage_multisample GL_ARB_texture_swizzle GL_ARB_texture_view GL_ARB_timer_query GL_ARB_transform_feedback2 GL_ARB_transform_feedback3 GL_ARB_transform_feedback_instanced GL_ARB_transform_feedback_overflow_query GL_ARB_t
ranspose_matrix GL_ARB_uniform_buffer_object GL_ARB_vertex_array_bgra GL_ARB_vertex_array_object GL_ARB_vertex_attrib_64bit GL_ARB_vertex_attrib_binding GL_ARB_vertex_buffer_object GL_ARB_vertex_program GL_ARB_vertex_shader GL_ARB_vertex_type_10f_11f_11f_rev GL_ARB_vertex_type_2_10_10_10_rev GL_ARB_viewport_array GL_ARB_window_pos GL_ATI_draw_buffers GL_ATI_texture_float GL_ATI_texture_mirror_once GL_S3_s3tc GL_EXT_texture_env_add GL_EXT_abgr GL_EXT_bgra GL_EXT_bindable_uniform GL_EXT_blend_color GL_EXT_blend_equation_separate GL_EXT_blend_func_separate GL_EXT_blend_minmax GL_EXT_blend_subtract GL_EXT_compiled_vertex_array GL_EXT_Cg_shader GL_EXT_depth_bounds_test GL_EXT_direct_state_access GL_EXT_draw_buffers2 GL_EXT_draw_instanced GL_EXT_draw_range_elements GL_EXT_fog_coord GL_EXT_framebuffer_blit GL_EXT_framebuffer_multisample GL_EXTX_framebuffer_mixed_formats GL_EXT_framebuffer_multisample_blit_scaled GL_EXT_framebuffer_object GL_EXT_framebuffer_sRGB GL_EXT_geometry_shader4 GL_EXT_gpu_program_parameters 
GL_EXT_gpu_shader4 GL_EXT_multi_draw_arrays GL_EXT_multiview_texture_multisample GL_EXT_multiview_timer_query GL_EXT_packed_depth_stencil GL_EXT_packed_float GL_EXT_packed_pixels GL_EXT_pixel_buffer_object GL_EXT_point_parameters GL_EXT_polygon_offset_clamp GL_EXT_post_depth_coverage GL_EXT_provoking_vertex GL_EXT_raster_multisample GL_EXT_rescale_normal GL_EXT_secondary_color GL_EXT_separate_shader_objects GL_EXT_separate_specular_color GL_EXT_shader_image_load_formatted GL_EXT_shader_image_load_store GL_EXT_shader_integer_mix GL_EXT_shadow_funcs GL_EXT_sparse_texture2 GL_EXT_stencil_two_side GL_EXT_stencil_wrap GL_EXT_texture3D GL_EXT_texture_array GL_EXT_texture_buffer_object GL_EXT_texture_compression_dxt1 GL_EXT_texture_compression_latc GL_EXT_texture_compression_rgtc GL_EXT_texture_compression_s3tc GL_EXT_texture_cube_map GL_EXT_texture_edge_clamp GL_EXT_texture_env_combine GL_EXT_texture_env_dot3 GL_EXT_texture_filter_anisotropic GL_EXT_texture_filter_minmax GL_EXT_texture_integer GL_EXT_texture_lod G
L_EXT_texture_lod_bias GL_EXT_texture_mirror_clamp GL_EXT_texture_object GL_EXT_texture_shadow_lod GL_EXT_texture_shared_exponent GL_EXT_texture_sRGB GL_EXT_texture_sRGB_R8 GL_EXT_texture_sRGB_decode GL_EXT_texture_storage GL_EXT_texture_swizzle GL_EXT_timer_query GL_EXT_transform_feedback2 GL_EXT_vertex_array GL_EXT_vertex_array_bgra GL_EXT_vertex_attrib_64bit GL_EXT_window_rectangles GL_EXT_x11_sync_object GL_EXT_import_sync_object GL_NV_robustness_video_memory_purge GL_IBM_rasterpos_clip GL_IBM_texture_mirrored_repeat GL_KHR_context_flush_control GL_KHR_debug GL_EXT_memory_object GL_EXT_memory_object_fd GL_NV_memory_object_sparse GL_KHR_parallel_shader_compile GL_KHR_no_error GL_KHR_robust_buffer_access_behavior GL_KHR_robustness GL_EXT_semaphore GL_EXT_semaphore_fd GL_NV_timeline_semaphore GL_KHR_shader_subgroup GL_KTX_buffer_region GL_NV_alpha_to_coverage_dither_control GL_NV_bindless_multi_draw_indirect GL_NV_bindless_multi_draw_indirect_count GL_NV_bindless_texture GL_NV_blend_equation_advanced GL_NV_
blend_equation_advanced_coherent GL_NVX_blend_equation_advanced_multi_draw_buffers GL_NV_blend_minmax_factor GL_NV_blend_square GL_NV_clip_space_w_scaling GL_NV_command_list GL_NV_compute_program5 GL_NV_compute_shader_derivatives GL_NV_conditional_render GL_NV_conservative_raster GL_NV_conservative_raster_dilate GL_NV_conservative_raster_pre_snap GL_NV_conservative_raster_pre_snap_triangles GL_NV_conservative_raster_underestimation GL_NV_copy_depth_to_color GL_NV_copy_image GL_NV_depth_buffer_float GL_NV_depth_clamp GL_NV_draw_texture GL_NV_draw_vulkan_image GL_NV_ES1_1_compatibility GL_NV_ES3_1_compatibility GL_NV_explicit_multisample GL_NV_feature_query GL_NV_fence GL_NV_fill_rectangle GL_NV_float_buffer GL_NV_fog_distance GL_NV_fragment_coverage_to_color GL_NV_fragment_program GL_NV_fragment_program_option GL_NV_fragment_program2 GL_NV_fragment_shader_barycentric GL_NV_fragment_shader_interlock GL_NV_framebuffer_mixed_samples GL_NV_framebuffer_multisample_coverage GL_NV_geometry_shader4 GL_NV_geometry_sha
der_passthrough GL_NV_gpu_program4 GL_NV_internalformat_sample_query GL_NV_gpu_program4_1 GL_NV_gpu_program5 GL_NV_gpu_program5_mem_extended GL_NV_gpu_program_fp64 GL_NV_gpu_shader5 GL_NV_half_float GL_NV_light_max_exponent GL_NV_memory_attachment GL_NV_mesh_shader GL_NV_multisample_coverage GL_NV_multisample_filter_hint GL_NV_occlusion_query GL_NV_packed_depth_stencil GL_NV_parameter_buffer_object GL_NV_parameter_buffer_object2 GL_NV_path_rendering GL_NV_path_rendering_shared_edge GL_NV_pixel_data_range GL_NV_point_sprite GL_NV_primitive_restart GL_NV_query_resource GL_NV_query_resource_tag GL_NV_register_combiners GL_NV_register_combiners2 GL_NV_representative_fragment_test GL_NV_sample_locations GL_NV_sample_mask_override_coverage GL_NV_scissor_exclusive GL_NV_shader_atomic_counters GL_NV_shader_atomic_float GL_NV_shader_atomic_float64 GL_NV_shader_atomic_fp16_vector GL_NV_shader_atomic_int64 GL_NV_shader_buffer_load GL_NV_shader_storage_buffer_object GL_NV_shader_subgroup_partitioned GL_NV_shader_texture
_footprint GL_NV_shading_rate_image GL_NV_stereo_view_rendering GL_NV_texgen_reflection GL_NV_texture_barrier GL_NV_texture_compression_vtc GL_NV_texture_env_combine4 GL_NV_texture_multisample GL_NV_texture_rectangle GL_NV_texture_rectangle_compressed GL_NV_texture_shader GL_NV_texture_shader2 GL_NV_texture_shader3 GL_NV_transform_feedback GL_NV_transform_feedback2 GL_NV_uniform_buffer_unified_memory GL_NV_uniform_buffer_std430_layout GL_NV_vdpau_interop GL_NV_vdpau_interop2 GL_NV_vertex_array_range GL_NV_vertex_array_range2 GL_NV_vertex_attrib_integer_64bit GL_NV_vertex_buffer_unified_memory GL_NV_vertex_program GL_NV_vertex_program1_1 GL_NV_vertex_program2 GL_NV_vertex_program2_option GL_NV_vertex_program3 GL_NV_viewport_array2 GL_NV_viewport_swizzle GL_NVX_conditional_render GL_NV_gpu_multicast GL_NVX_progress_fence GL_NVX_gpu_memory_info GL_NVX_nvenc_interop GL_NV_shader_thread_group GL_NV_shader_thread_shuffle GL_KHR_blend_equation_advanced GL_KHR_blend_equation_advanced_coherent GL_OVR_multiview GL_OVR
_multiview2 GL_SGIS_generate_mipmap GL_SGIS_texture_lod GL_SGIX_depth_texture GL_SGIX_shadow GL_SUN_slice_accum
OPENGL LOG: Creating OpenGL 4.5 graphics device ; Context level  <OpenGL 4.5> ; Context handle 721229128
Begin MonoManager ReloadAssembly
- Completed reload, in  0.169 seconds
Default vsync count 0
requesting resize 1920 x 1200
requesting fullscreen 1920 x 1200 at 0 Hz
Setting up downscaled viewport at 1920 x 1200
Desktop is 2560 x 1440 @ 144 Hz
UnloadTime: 0.500625 ms
UnloadTime: 0.127340 ms
Memory size is 15889. Operating system: Linux 6.9 Arch Linux  64bit IntPtr 8 
.Disabling texture unloading. 
.Disabling audio unloading.
Unloading 5 Unused Serialized files (Serialized files now loaded: 0)
Unloading 70 unused Assets to reduce memory usage. Loaded Objects now: 4370.
Total: 11.569074 ms (FindLiveObjects: 0.168385 ms CreateObjectMapping: 0.064238 ms MarkObjects: 11.181700 ms  DeleteObjects: 0.154148 ms)

Parent of RectTransform is being set with parent property. Consider using the SetParent method instead, with the worldPositionStays argument set to false. This will retain local orientation and scale rather than world orientation and scale, which can prevent common UI scaling issues.
EN
SystemLanguage: English EN
EN
SystemLanguage: English EN
Gamepad
Gamepad
Get controllers: 
Keyboard: Keyboard Keyboard Keyboard
Mouse: Mouse Mouse Mouse
Joystick: Xbox One Controller Controller Xbox One Controller
Joystick: Xbox 360 Controller Microsoft X-Box 360 pad 0 Xbox 360 Controller
requesting resize 1920 x 1200
requesting fullscreen 1920 x 1200 at 0 Hz
Setting up downscaled viewport at 1920 x 1200
Desktop is 2560 x 1440 @ 144 Hz
Gamepad
Gamepad
Get controllers: 
Keyboard: Keyboard Keyboard Keyboard
Mouse: Mouse Mouse Mouse
Joystick: Xbox One Controller Controller Xbox One Controller
Joystick: Xbox 360 Controller Microsoft X-Box 360 pad 0 Xbox 360 Controller
erorr while decrypting serialized profiles file, trying to load without encryption: The input is not a valid Base-64 string as it contains a non-base 64 character, more than two padding characters, or an illegal character among the padding characters.
Load chapter 1 scene
UnloadTime: 3.026348 ms
Memory size is 15889. Operating system: Linux 6.9 Arch Linux  64bit IntPtr 8 
.Disabling texture unloading. 
.Disabling audio unloading.
Unloading 4 Unused Serialized files (Serialized files now loaded: 0)
Unloading 7126 unused Assets to reduce memory usage. Loaded Objects now: 10253.
Total: 14.381177 ms (FindLiveObjects: 0.561822 ms CreateObjectMapping: 0.282592 ms MarkObjects: 11.290890 ms  DeleteObjects: 2.245380 ms)

Parent of RectTransform is being set with parent property. Consider using the SetParent method instead, with the worldPositionStays argument set to false. This will retain local orientation and scale rather than world orientation and scale, which can prevent common UI scaling issues.
EN
SystemLanguage: English EN
Darkwood 1.4.2
Gamepad
Gamepad
Get controllers: 
Keyboard: Keyboard Keyboard Keyboard
Mouse: Mouse Mouse Mouse
Joystick: Xbox One Controller Controller Xbox One Controller
Joystick: Xbox 360 Controller Microsoft X-Box 360 pad 0 Xbox 360 Controller
requesting resize 1920 x 1200
requesting fullscreen 1920 x 1200 at 0 Hz
Setting up downscaled viewport at 1920 x 1200
Desktop is 2560 x 1440 @ 144 Hz
Unloading 3 Unused Serialized files (Serialized files now loaded: 0)
Unloading 3299 unused Assets to reduce memory usage. Loaded Objects now: 464361.
Total: 148.840351 ms (FindLiveObjects: 33.314739 ms CreateObjectMapping: 4.821152 ms MarkObjects: 108.978120 ms  DeleteObjects: 1.725735 ms)

Load ch save? False
Save static
start chapter 1
1. Start world gen. Time: 1.6. Previous task time: 1.6
2. Start creating borders. Time: 1.6. Previous task time: 0
3. Created borders. Time: 3.8. Previous task time: 2.1
4. Start populating chunks. Time: 3.8. Previous task time: 0
5. Finished populating all chunks. Time: 5.3. Previous task time: 1.5
6. Start spawning grid objects. Time: 5.4. Previous task time: 0.1
7. Finish spawning grid objects. Time: 6.6. Previous task time: 1.1
8. Activate locations. Other objects to reactivate: 29. Time: 6.6. Previous task time: 0
9. Spawn misc. Time: 6.8. Previous task time: 0.2
10. Spawned 1774 misc objs. Spawn pool spawner. Time: 9.2. Previous task time: 2.3
11. Init SpriteRandomizers: 36624. Time: 9.7. Previous task time: 0.5
12. Scan pathfinding. Time: 9.9. Previous task time: 0.1
13. Spawn freeroaming and global chars. Time: 12.1. Previous task time: 2.2
14. Distribute must spawn items. Time: 12.2. Previous task time: 0
15. Spawn random objects. Time: 12.2. Previous task time: 0
16. Init Characters: 119. Time: 12.2. Previous task time: 0
17. Init Item Sounds: 353. Time: 12.3. Previous task time: 0
18. Init Doors: 82. Time: 12.4. Previous task time: 0.1
19. Init GameEvents: 228. Time: 12.4. Previous task time: 0
20. Init Position Overrides: 12704. Time: 12.4. Previous task time: 0
21. Init Items: 1348. Time: 12.4. Previous task time: 0
22. Init Locations: 102. Time: 12.4. Previous task time: 0
23. Init NPCs: 9. Time: 12.5. Previous task time: 0
24. Init Thrown Items: 6. Time: 12.5. Previous task time: 0
25. Init Windows: 102. Time: 12.5. Previous task time: 0
26. Init Inventory Randoms: 328. Time: 12.5. Previous task time: 0
27. Init random object spawners: 215. Time: 12.5. Previous task time: 0
28. Init Parallaxes: 4350. Time: 12.5. Previous task time: 0
29. Register cullables amount 10751 for grid World. Time: 12.8. Previous task time: 0.2
30. Finished world gen. Spawn Prefab amount: 0. Time: 16.1. Previous task time: 3.3
31. Fired onFinishWorldGen. Time: 16.1. Previous task time: 0
32. Tween loading. Time: 20.2. Previous task time: 4
33. Activate player. Time: 29.7. Previous task time: 9.5
34. Start play. Time: 29.7. Previous task time: 0
BoxColliders does not support negative scale or size.
The effective box size has been forced positive and is likely to give unexpected collision geometry.
If you absolutely need to use negative scaling you can use the convex MeshCollider. Scene hierarchy path "WorldChunks/WorldChunk/Locations/med_cottage_tree_01_done/Furnitures/exp_machine_oven_01/static_col_01"
BoxColliders does not support negative scale or size.
The effective box size has been forced positive and is likely to give unexpected collision geometry.
If you absolutely need to use negative scaling you can use the convex MeshCollider. Scene hierarchy path "WorldChunks/WorldChunk/Locations/med_cottage_tree_01_done/Furnitures/exp_machine_oven_01/static_col_02"
BoxColliders does not support negative scale or size.
The effective box size has been forced positive and is likely to give unexpected collision geometry.
If you absolutely need to use negative scaling you can use the convex MeshCollider. Scene hierarchy path "WorldChunks/WorldChunk/Locations/med_cottage_tree_01_done/Furnitures/exp_machine_oven_01"
BoxColliders does not support negative scale or size.
The effective box size has been forced positive and is likely to give unexpected collision geometry.
If you absolutely need to use negative scaling you can use the convex MeshCollider. Scene hierarchy path "WorldChunks/gridObj_woodLogs_3_01_done/Objects/Wood_Logs_5"
BoxColliders does not support negative scale or size.
The effective box size has been forced positive and is likely to give unexpected collision geometry.
If you absolutely need to use negative scaling you can use the convex MeshCollider. Scene hierarchy path "WorldChunks/gridObj_woodLogs_3_01_done/Objects/Wood_Logs_5"
BoxColliders does not support negative scale or size.
The effective box size has been forced positive and is likely to give unexpected collision geometry.
If you absolutely need to use negative scaling you can use the convex MeshCollider. Scene hierarchy path "WorldChunks/gridObj_woodLogs_3_01_done/Objects/Wood_Logs_5"
BoxColliders does not support negative scale or size.
The effective box size has been forced positive and is likely to give unexpected collision geometry.
If you absolutely need to use negative scaling you can use the convex MeshCollider. Scene hierarchy path "WorldChunks/gridObj_woodLogs_3_01_done/Objects/Wood_Logs_5"
BoxColliders does not support negative scale or size.
The effective box size has been forced positive and is likely to give unexpected collision geometry.
If you absolutely need to use negative scaling you can use the convex MeshCollider. Scene hierarchy path "WorldChunks/gridObj_woodLogs_3_01_done/Objects/Wood_Logs_5"
NullReferenceException: Object reference not set to an instance of an object
  at Cursor.ActionAllowed () [0x0001b] in <1f8538ce69ef4941955082d72c42a1a1>:0 
  at Cursor.OnControllerModeExit () [0x00021] in <1f8538ce69ef4941955082d72c42a1a1>:0 
  at (wrapper delegate-invoke) <Module>.invoke_void()
  at Globals.leaveControllerMode () [0x0024a] in <1f8538ce69ef4941955082d72c42a1a1>:0 
  at InputScript.leaveControllerMode () [0x0000b] in <1f8538ce69ef4941955082d72c42a1a1>:0 
  at InputScript.LateUpdate () [0x001c7] in <1f8538ce69ef4941955082d72c42a1a1>:0 

Setting up 6 worker threads for Enlighten.
<color=#ff7337><color=#0099bc><b>DOTWEEN ► </b></color> SAFE MODE ►</color> DOTween's safe mode captured 4 errors. This is usually ok (it's what safe mode is there for) but if your game is encountering issues you should set Log Behaviour to Default in DOTween Utility Panel in order to get detailed warnings when an error is captured (consider that these errors are always on the user side).
- 4 startup errors
Memory Statistics:
[ALLOC_TEMP_TLS] TLS Allocator
  StackAllocators : 
    [ALLOC_TEMP_MAIN]
      Peak usage frame count: [2.0 KB-4.0 KB]: 11504 frames, [4.0 KB-8.0 KB]: 84 frames, [8.0 KB-16.0 KB]: 145766 frames, [16.0 KB-32.0 KB]: 4881 frames, [32.0 KB-64.0 KB]: 6 frames, [64.0 KB-128.0 KB]: 8 frames, [128.0 KB-256.0 KB]: 10 frames, [256.0 KB-0.5 MB]: 224 frames, [0.5 MB-1.0 MB]: 2 frames, [1.0 MB-2.0 MB]: 5808 frames, [2.0 MB-4.0 MB]: 2 frames, [4.0 MB-8.0 MB]: 1 frames
      Initial Block Size 4.0 MB
      Current Block Size 7.7 MB
      Peak Allocated Bytes 7.7 MB
      Overflow Count 9
    [ALLOC_TEMP_Loading.AsyncRead]
      Initial Block Size 64.0 KB
      Current Block Size 64.0 KB
      Peak Allocated Bytes 144 B
      Overflow Count 0
    [ALLOC_TEMP_Loading.PreloadManager]
      Initial Block Size 256.0 KB
      Current Block Size 0.5 MB
      Peak Allocated Bytes 511.9 KB
      Overflow Count 13492
    [ALLOC_TEMP_Background Job.Worker 8]
      Initial Block Size 32.0 KB
      Current Block Size 32.0 KB
      Peak Allocated Bytes 0 B
      Overflow Count 0
    [ALLOC_TEMP_Job.Worker 6]
      Initial Block Size 256.0 KB
      Current Block Size 256.0 KB
      Peak Allocated Bytes 19.1 KB
      Overflow Count 0
    [ALLOC_TEMP_Job.Worker 0]
      Initial Block Size 256.0 KB
      Current Block Size 256.0 KB
      Peak Allocated Bytes 19.1 KB
      Overflow Count 0
    [ALLOC_TEMP_Background Job.Worker 10]
      Initial Block Size 32.0 KB
      Current Block Size 32.0 KB
      Peak Allocated Bytes 0 B
      Overflow Count 0
    [ALLOC_TEMP_Background Job.Worker 9]
      Initial Block Size 32.0 KB
      Current Block Size 32.0 KB
      Peak Allocated Bytes 0 B
      Overflow Count 0
    [ALLOC_TEMP_Job.Worker 5]
      Initial Block Size 256.0 KB
      Current Block Size 256.0 KB
      Peak Allocated Bytes 19.1 KB
      Overflow Count 0
    [ALLOC_TEMP_Background Job.Worker 14]
      Initial Block Size 32.0 KB
      Current Block Size 32.0 KB
      Peak Allocated Bytes 0 B
      Overflow Count 0
    [ALLOC_TEMP_Background Job.Worker 6]
      Initial Block Size 32.0 KB
      Current Block Size 32.0 KB
      Peak Allocated Bytes 0 B
      Overflow Count 0
    [ALLOC_TEMP_Job.Worker 4]
      Initial Block Size 256.0 KB
      Current Block Size 256.0 KB
      Peak Allocated Bytes 19.1 KB
      Overflow Count 0
    [ALLOC_TEMP_Job.Worker 3]
      Initial Block Size 256.0 KB
      Current Block Size 256.0 KB
      Peak Allocated Bytes 19.1 KB
      Overflow Count 0
    [ALLOC_TEMP_Background Job.Worker 12]
      Initial Block Size 32.0 KB
      Current Block Size 32.0 KB
      Peak Allocated Bytes 0 B
      Overflow Count 0
    [ALLOC_TEMP_EnlightenWorker] x 6
      Initial Block Size 64.0 KB
      Current Block Size 64.0 KB
      Peak Allocated Bytes 0 B
      Overflow Count 0
    [ALLOC_TEMP_Background Job.Worker 15]
      Initial Block Size 32.0 KB
      Current Block Size 32.0 KB
      Peak Allocated Bytes 0 B
      Overflow Count 0
    [ALLOC_TEMP_Background Job.Worker 1]
      Initial Block Size 32.0 KB
      Current Block Size 32.0 KB
      Peak Allocated Bytes 0 B
      Overflow Count 0
    [ALLOC_TEMP_Background Job.Worker 2]
      Initial Block Size 32.0 KB
      Current Block Size 32.0 KB
      Peak Allocated Bytes 0 B
      Overflow Count 0
    [ALLOC_TEMP_Background Job.Worker 7]
      Initial Block Size 32.0 KB
      Current Block Size 32.0 KB
      Peak Allocated Bytes 0 B
      Overflow Count 0
    [ALLOC_TEMP_UnityGfxDeviceWorker]
      Initial Block Size 256.0 KB
      Current Block Size 256.0 KB
      Peak Allocated Bytes 11.8 KB
      Overflow Count 0
    [ALLOC_TEMP_AssetGarbageCollectorHelper] x 11
      Initial Block Size 64.0 KB
      Current Block Size 64.0 KB
      Peak Allocated Bytes 0 B
      Overflow Count 0
    [ALLOC_TEMP_Background Job.Worker 5]
      Initial Block Size 32.0 KB
      Current Block Size 32.0 KB
      Peak Allocated Bytes 0 B
      Overflow Count 0
    [ALLOC_TEMP_Job.Worker 9]
      Initial Block Size 256.0 KB
      Current Block Size 256.0 KB
      Peak Allocated Bytes 19.1 KB
      Overflow Count 0
    [ALLOC_TEMP_Background Job.Worker 13]
      Initial Block Size 32.0 KB
      Current Block Size 32.0 KB
      Peak Allocated Bytes 0 B
      Overflow Count 0
    [ALLOC_TEMP_Job.Worker 8]
      Initial Block Size 256.0 KB
      Current Block Size 256.0 KB
      Peak Allocated Bytes 19.1 KB
      Overflow Count 0
    [ALLOC_TEMP_Job.Worker 7]
      Initial Block Size 256.0 KB
      Current Block Size 256.0 KB
      Peak Allocated Bytes 19.1 KB
      Overflow Count 0
    [ALLOC_TEMP_Job.Worker 1]
      Initial Block Size 256.0 KB
      Current Block Size 256.0 KB
      Peak Allocated Bytes 19.1 KB
      Overflow Count 0
    [ALLOC_TEMP_Job.Worker 2]
      Initial Block Size 256.0 KB
      Current Block Size 256.0 KB
      Peak Allocated Bytes 19.1 KB
      Overflow Count 0
    [ALLOC_TEMP_Background Job.Worker 3]
      Initial Block Size 32.0 KB
      Current Block Size 32.0 KB
      Peak Allocated Bytes 0 B
      Overflow Count 0
    [ALLOC_TEMP_Background Job.Worker 11]
      Initial Block Size 32.0 KB
      Current Block Size 32.0 KB
      Peak Allocated Bytes 0 B
      Overflow Count 0
    [ALLOC_TEMP_Job.Worker 10]
      Initial Block Size 256.0 KB
      Current Block Size 256.0 KB
      Peak Allocated Bytes 19.1 KB
      Overflow Count 0
    [ALLOC_TEMP_Background Job.Worker 0]
      Initial Block Size 32.0 KB
      Current Block Size 32.0 KB
      Peak Allocated Bytes 0 B
      Overflow Count 0
    [ALLOC_TEMP_Background Job.Worker 4]
      Initial Block Size 32.0 KB
      Current Block Size 32.0 KB
      Peak Allocated Bytes 0 B
      Overflow Count 0
    [ALLOC_TEMP_BatchDeleteObjects]
      Initial Block Size 64.0 KB
      Current Block Size 64.0 KB
      Peak Allocated Bytes 0 B
      Overflow Count 0
[ALLOC_DEFAULT] Dual Thread Allocator
  Peak main deferred allocation count 99554
    [ALLOC_BUCKET]
      Large Block size 4.0 MB
      Used Block count 1
      Peak Allocated bytes 4.0 MB
      Failed Allocations. Bucket layout:
        16B: 6 Subsections = 6144 buckets. Failed count: 526836
        32B: 6 Subsections = 3072 buckets. Failed count: 923834
        48B: 21 Subsections = 7168 buckets. Failed count: 1012063
        64B: 149 Subsections = 38144 buckets. Failed count: 1913372
        80B: 64 Subsections = 13107 buckets. Failed count: 28090
        96B: 6 Subsections = 1024 buckets. Failed count: 1372132
        112B: 2 Subsections = 292 buckets. Failed count: 190768
        128B: 2 Subsections = 256 buckets. Failed count: 226579
    [ALLOC_DEFAULT_MAIN]
      Peak usage frame count: [32.0 MB-64.0 MB]: 77128 frames, [64.0 MB-128.0 MB]: 180 frames, [128.0 MB-256.0 MB]: 90988 frames
      Requested Block Size 16.0 MB
      Peak Block count 15
      Peak Allocated memory 229.1 MB
      Peak Large allocation bytes 45.0 MB
    [ALLOC_DEFAULT_THREAD]
      Peak usage frame count: [8.0 MB-16.0 MB]: 77130 frames, [16.0 MB-32.0 MB]: 253 frames, [32.0 MB-64.0 MB]: 90912 frames, [64.0 MB-128.0 MB]: 1 frames
      Requested Block Size 16.0 MB
      Peak Block count 4
      Peak Allocated memory 68.0 MB
      Peak Large allocation bytes 64.0 MB
[ALLOC_TEMP_JOB_1_FRAME]
  Initial Block Size 2.0 MB
  Used Block Count 1
  Overflow Count (too large) 0
  Overflow Count (full) 0
[ALLOC_TEMP_JOB_2_FRAMES]
  Initial Block Size 2.0 MB
  Used Block Count 1
  Overflow Count (too large) 0
  Overflow Count (full) 0
[ALLOC_TEMP_JOB_4_FRAMES (JobTemp)]
  Initial Block Size 2.0 MB
  Used Block Count 8
  Overflow Count (too large) 0
  Overflow Count (full) 0
[ALLOC_TEMP_JOB_ASYNC (Background)]
  Initial Block Size 1.0 MB
  Used Block Count 5
  Overflow Count (too large) 0
  Overflow Count (full) 0
[ALLOC_GFX] Dual Thread Allocator
  Peak main deferred allocation count 51
    [ALLOC_BUCKET]
      Large Block size 4.0 MB
      Used Block count 1
      Peak Allocated bytes 4.0 MB
      Failed Allocations. Bucket layout:
        16B: 6 Subsections = 6144 buckets. Failed count: 526836
        32B: 6 Subsections = 3072 buckets. Failed count: 923834
        48B: 21 Subsections = 7168 buckets. Failed count: 1012063
        64B: 149 Subsections = 38144 buckets. Failed count: 1913372
        80B: 64 Subsections = 13107 buckets. Failed count: 28090
        96B: 6 Subsections = 1024 buckets. Failed count: 1372132
        112B: 2 Subsections = 292 buckets. Failed count: 190768
        128B: 2 Subsections = 256 buckets. Failed count: 226579
    [ALLOC_GFX_MAIN]
      Peak usage frame count: [2.0 MB-4.0 MB]: 72139 frames, [8.0 MB-16.0 MB]: 5060 frames, [16.0 MB-32.0 MB]: 91097 frames
      Requested Block Size 16.0 MB
      Peak Block count 2
      Peak Allocated memory 25.0 MB
      Peak Large allocation bytes 0 B
    [ALLOC_GFX_THREAD]
      Peak usage frame count: [1.0 MB-2.0 MB]: 77134 frames, [2.0 MB-4.0 MB]: 185 frames, [4.0 MB-8.0 MB]: 90977 frames
      Requested Block Size 16.0 MB
      Peak Block count 1
      Peak Allocated memory 4.2 MB
      Peak Large allocation bytes 0 B
[ALLOC_CACHEOBJECTS] Dual Thread Allocator
  Peak main deferred allocation count 140626
    [ALLOC_BUCKET]
      Large Block size 4.0 MB
      Used Block count 1
      Peak Allocated bytes 4.0 MB
      Failed Allocations. Bucket layout:
        16B: 6 Subsections = 6144 buckets. Failed count: 526836
        32B: 6 Subsections = 3072 buckets. Failed count: 923834
        48B: 21 Subsections = 7168 buckets. Failed count: 1012063
        64B: 149 Subsections = 38144 buckets. Failed count: 1913372
        80B: 64 Subsections = 13107 buckets. Failed count: 28090
        96B: 6 Subsections = 1024 buckets. Failed count: 1372132
        112B: 2 Subsections = 292 buckets. Failed count: 190768
        128B: 2 Subsections = 256 buckets. Failed count: 226579
    [ALLOC_CACHEOBJECTS_MAIN]
      Peak usage frame count: [16.0 MB-32.0 MB]: 1 frames, [32.0 MB-64.0 MB]: 168295 frames
      Requested Block Size 4.0 MB
      Peak Block count 9
      Peak Allocated memory 39.3 MB
      Peak Large allocation bytes 17.2 MB
    [ALLOC_CACHEOBJECTS_THREAD]
      Peak usage frame count: [0.5 MB-1.0 MB]: 72138 frames, [2.0 MB-4.0 MB]: 4987 frames, [4.0 MB-8.0 MB]: 1 frames, [8.0 MB-16.0 MB]: 4 frames, [16.0 MB-32.0 MB]: 7 frames, [32.0 MB-64.0 MB]: 127 frames, [64.0 MB-128.0 MB]: 91032 frames
      Requested Block Size 4.0 MB
      Peak Block count 24
      Peak Allocated memory 79.2 MB
      Peak Large allocation bytes 0 B
[ALLOC_TYPETREE] Dual Thread Allocator
  Peak main deferred allocation count 0
    [ALLOC_BUCKET]
      Large Block size 4.0 MB
      Used Block count 1
      Peak Allocated bytes 4.0 MB
      Failed Allocations. Bucket layout:
        16B: 6 Subsections = 6144 buckets. Failed count: 526836
        32B: 6 Subsections = 3072 buckets. Failed count: 923834
        48B: 21 Subsections = 7168 buckets. Failed count: 1012063
        64B: 149 Subsections = 38144 buckets. Failed count: 1913372
        80B: 64 Subsections = 13107 buckets. Failed count: 28090
        96B: 6 Subsections = 1024 buckets. Failed count: 1372132
        112B: 2 Subsections = 292 buckets. Failed count: 190768
        128B: 2 Subsections = 256 buckets. Failed count: 226579
    [ALLOC_TYPETREE_MAIN]
      Peak usage frame count: [256.0 KB-0.5 MB]: 168296 frames
      Requested Block Size 2.0 MB
      Peak Block count 1
      Peak Allocated memory 382.5 KB
      Peak Large allocation bytes 0 B
    [ALLOC_TYPETREE_THREAD]
      Peak usage frame count: [64.0 KB-128.0 KB]: 168296 frames
      Requested Block Size 2.0 MB
      Peak Block count 1
      Peak Allocated memory 117.0 KB
      Peak Large allocation bytes 0 B
