2024-07-04 21:18:42.551 [info] Extension host with pid 18097 started
2024-07-04 21:18:42.618 [info] ExtensionService#_doActivateExtension vscode.emmet, startup: false, activationEvent: 'onLanguage'
2024-07-04 21:18:42.692 [info] ExtensionService#_doActivateExtension vscode.git-base, startup: true, activationEvent: '*', root cause: vscode.git
2024-07-04 21:18:42.718 [info] ExtensionService#_doActivateExtension vscode.git, startup: true, activationEvent: '*'
2024-07-04 21:18:42.736 [info] ExtensionService#_doActivateExtension vscode.github, startup: true, activationEvent: '*'
2024-07-04 21:18:42.762 [info] Eager extensions activated
2024-07-04 21:18:42.776 [info] ExtensionService#_doActivateExtension vscode.debug-auto-launch, startup: false, activationEvent: 'onStartupFinished'
2024-07-04 21:18:42.777 [info] ExtensionService#_doActivateExtension vscode.merge-conflict, startup: false, activationEvent: 'onStartupFinished'
2024-07-04 21:18:42.782 [info] ExtensionService#_doActivateExtension aaron-bond.better-comments, startup: false, activationEvent: 'onStartupFinished'
2024-07-04 21:18:42.786 [info] ExtensionService#_doActivateExtension eamodio.gitlens, startup: false, activationEvent: 'onStartupFinished'
2024-07-04 21:18:42.825 [info] ExtensionService#_doActivateExtension TeamHub.teamhub, startup: false, activationEvent: 'onStartupFinished'
2024-07-04 21:18:43.058 [info] ExtensionService#_doActivateExtension vscode.github-authentication, startup: false, activationEvent: 'onAuthenticationRequest:github'
2024-07-04 21:18:52.025 [info] Extension host terminating: renderer closed the MessagePort
2024-07-04 21:18:52.043 [error] Canceled: Canceled
	at new k (/opt/vscodium-bin/resources/app/out/vs/workbench/api/node/extensionHostProcess.js:143:54721)
	at _._remoteCall (/opt/vscodium-bin/resources/app/out/vs/workbench/api/node/extensionHostProcess.js:150:8142)
	at B.<computed>.F.charCodeAt.A.CharCode.DollarSign.B.<computed> (/opt/vscodium-bin/resources/app/out/vs/workbench/api/node/extensionHostProcess.js:150:4327)
	at h._doExecuteCommand (/opt/vscodium-bin/resources/app/out/vs/workbench/api/node/extensionHostProcess.js:153:236812)
	at h.executeCommand (/opt/vscodium-bin/resources/app/out/vs/workbench/api/node/extensionHostProcess.js:153:236137)
	at I.registerCommand.description (/opt/vscodium-bin/resources/app/out/vs/workbench/api/node/extensionHostProcess.js:153:235381)
	at h._executeContributedCommand (/opt/vscodium-bin/resources/app/out/vs/workbench/api/node/extensionHostProcess.js:153:237450)
	at h._doExecuteCommand (/opt/vscodium-bin/resources/app/out/vs/workbench/api/node/extensionHostProcess.js:153:236270)
	at h.executeCommand (/opt/vscodium-bin/resources/app/out/vs/workbench/api/node/extensionHostProcess.js:153:236137)
	at Object.executeCommand (/opt/vscodium-bin/resources/app/out/vs/workbench/api/node/extensionHostProcess.js:163:29314)
	at w (/home/modus/.vscode-oss/extensions/eamodio.gitlens-15.1.0-universal/dist/gitlens.js:1453:39714)
	at c (/home/modus/.vscode-oss/extensions/eamodio.gitlens-15.1.0-universal/dist/gitlens.js:1453:44753)
	at ActionRunners._updateContextKeys (/home/modus/.vscode-oss/extensions/eamodio.gitlens-15.1.0-universal/dist/gitlens.js:1099:18425)
	at s (/home/modus/.vscode-oss/extensions/eamodio.gitlens-15.1.0-universal/dist/gitlens.js:1099:16869)
	at RegisteredActionRunner.unregister (/home/modus/.vscode-oss/extensions/eamodio.gitlens-15.1.0-universal/dist/gitlens.js:1099:17012)
	at RegisteredActionRunner.dispose (/home/modus/.vscode-oss/extensions/eamodio.gitlens-15.1.0-universal/dist/gitlens.js:1099:15665)
	at ActionRunners.dispose (/home/modus/.vscode-oss/extensions/eamodio.gitlens-15.1.0-universal/dist/gitlens.js:1099:16452)
	at /home/modus/.vscode-oss/extensions/eamodio.gitlens-15.1.0-universal/dist/gitlens.js:1412:20105
	at Array.forEach (<anonymous>)
	at Object.dispose (/home/modus/.vscode-oss/extensions/eamodio.gitlens-15.1.0-universal/dist/gitlens.js:1412:20087)
	at f (/opt/vscodium-bin/resources/app/out/vs/workbench/api/node/extensionHostProcess.js:30:758)
	at u._deactivate (/opt/vscodium-bin/resources/app/out/vs/workbench/api/node/extensionHostProcess.js:159:13000)
	at /opt/vscodium-bin/resources/app/out/vs/workbench/api/node/extensionHostProcess.js:159:10146
	at Array.map (<anonymous>)
	at u._deactivateAll (/opt/vscodium-bin/resources/app/out/vs/workbench/api/node/extensionHostProcess.js:159:10133)
	at u.terminate (/opt/vscodium-bin/resources/app/out/vs/workbench/api/node/extensionHostProcess.js:159:10516)
	at f.terminate (/opt/vscodium-bin/resources/app/out/vs/workbench/api/node/extensionHostProcess.js:163:1908)
	at t (/opt/vscodium-bin/resources/app/out/vs/workbench/api/node/extensionHostProcess.js:176:12164)
	at MessagePortMain.<anonymous> (/opt/vscodium-bin/resources/app/out/vs/workbench/api/node/extensionHostProcess.js:176:8030)
	at MessagePortMain.emit (node:events:514:28)
	at MessagePortMain._internalPort.emit (node:electron/js2c/utility_init:2:2285) setContext undefined
2024-07-04 21:18:52.044 [error] Canceled: Canceled
	at new k (/opt/vscodium-bin/resources/app/out/vs/workbench/api/node/extensionHostProcess.js:143:54721)
	at _._remoteCall (/opt/vscodium-bin/resources/app/out/vs/workbench/api/node/extensionHostProcess.js:150:8142)
	at B.<computed>.F.charCodeAt.A.CharCode.DollarSign.B.<computed> (/opt/vscodium-bin/resources/app/out/vs/workbench/api/node/extensionHostProcess.js:150:4327)
	at h._doExecuteCommand (/opt/vscodium-bin/resources/app/out/vs/workbench/api/node/extensionHostProcess.js:153:236812)
	at h.executeCommand (/opt/vscodium-bin/resources/app/out/vs/workbench/api/node/extensionHostProcess.js:153:236137)
	at I.registerCommand.description (/opt/vscodium-bin/resources/app/out/vs/workbench/api/node/extensionHostProcess.js:153:235381)
	at h._executeContributedCommand (/opt/vscodium-bin/resources/app/out/vs/workbench/api/node/extensionHostProcess.js:153:237450)
	at h._doExecuteCommand (/opt/vscodium-bin/resources/app/out/vs/workbench/api/node/extensionHostProcess.js:153:236270)
	at h.executeCommand (/opt/vscodium-bin/resources/app/out/vs/workbench/api/node/extensionHostProcess.js:153:236137)
	at Object.executeCommand (/opt/vscodium-bin/resources/app/out/vs/workbench/api/node/extensionHostProcess.js:163:29314)
	at w (/home/modus/.vscode-oss/extensions/eamodio.gitlens-15.1.0-universal/dist/gitlens.js:1453:39714)
	at c (/home/modus/.vscode-oss/extensions/eamodio.gitlens-15.1.0-universal/dist/gitlens.js:1453:44753)
	at ActionRunners._updateContextKeys (/home/modus/.vscode-oss/extensions/eamodio.gitlens-15.1.0-universal/dist/gitlens.js:1099:18425)
	at s (/home/modus/.vscode-oss/extensions/eamodio.gitlens-15.1.0-universal/dist/gitlens.js:1099:16869)
	at RegisteredActionRunner.unregister (/home/modus/.vscode-oss/extensions/eamodio.gitlens-15.1.0-universal/dist/gitlens.js:1099:17012)
	at RegisteredActionRunner.dispose (/home/modus/.vscode-oss/extensions/eamodio.gitlens-15.1.0-universal/dist/gitlens.js:1099:15665)
	at ActionRunners.dispose (/home/modus/.vscode-oss/extensions/eamodio.gitlens-15.1.0-universal/dist/gitlens.js:1099:16452)
	at /home/modus/.vscode-oss/extensions/eamodio.gitlens-15.1.0-universal/dist/gitlens.js:1412:20105
	at Array.forEach (<anonymous>)
	at Object.dispose (/home/modus/.vscode-oss/extensions/eamodio.gitlens-15.1.0-universal/dist/gitlens.js:1412:20087)
	at f (/opt/vscodium-bin/resources/app/out/vs/workbench/api/node/extensionHostProcess.js:30:758)
	at u._deactivate (/opt/vscodium-bin/resources/app/out/vs/workbench/api/node/extensionHostProcess.js:159:13000)
	at /opt/vscodium-bin/resources/app/out/vs/workbench/api/node/extensionHostProcess.js:159:10146
	at Array.map (<anonymous>)
	at u._deactivateAll (/opt/vscodium-bin/resources/app/out/vs/workbench/api/node/extensionHostProcess.js:159:10133)
	at u.terminate (/opt/vscodium-bin/resources/app/out/vs/workbench/api/node/extensionHostProcess.js:159:10516)
	at f.terminate (/opt/vscodium-bin/resources/app/out/vs/workbench/api/node/extensionHostProcess.js:163:1908)
	at t (/opt/vscodium-bin/resources/app/out/vs/workbench/api/node/extensionHostProcess.js:176:12164)
	at MessagePortMain.<anonymous> (/opt/vscodium-bin/resources/app/out/vs/workbench/api/node/extensionHostProcess.js:176:8030)
	at MessagePortMain.emit (node:events:514:28)
	at MessagePortMain._internalPort.emit (node:electron/js2c/utility_init:2:2285) setContext undefined
2024-07-04 21:18:52.044 [error] Canceled: Canceled
	at new k (/opt/vscodium-bin/resources/app/out/vs/workbench/api/node/extensionHostProcess.js:143:54721)
	at _._remoteCall (/opt/vscodium-bin/resources/app/out/vs/workbench/api/node/extensionHostProcess.js:150:8142)
	at B.<computed>.F.charCodeAt.A.CharCode.DollarSign.B.<computed> (/opt/vscodium-bin/resources/app/out/vs/workbench/api/node/extensionHostProcess.js:150:4327)
	at h._doExecuteCommand (/opt/vscodium-bin/resources/app/out/vs/workbench/api/node/extensionHostProcess.js:153:236812)
	at h.executeCommand (/opt/vscodium-bin/resources/app/out/vs/workbench/api/node/extensionHostProcess.js:153:236137)
	at I.registerCommand.description (/opt/vscodium-bin/resources/app/out/vs/workbench/api/node/extensionHostProcess.js:153:235381)
	at h._executeContributedCommand (/opt/vscodium-bin/resources/app/out/vs/workbench/api/node/extensionHostProcess.js:153:237450)
	at h._doExecuteCommand (/opt/vscodium-bin/resources/app/out/vs/workbench/api/node/extensionHostProcess.js:153:236270)
	at h.executeCommand (/opt/vscodium-bin/resources/app/out/vs/workbench/api/node/extensionHostProcess.js:153:236137)
	at Object.executeCommand (/opt/vscodium-bin/resources/app/out/vs/workbench/api/node/extensionHostProcess.js:163:29314)
	at w (/home/modus/.vscode-oss/extensions/eamodio.gitlens-15.1.0-universal/dist/gitlens.js:1453:39714)
	at c (/home/modus/.vscode-oss/extensions/eamodio.gitlens-15.1.0-universal/dist/gitlens.js:1453:44753)
	at ActionRunners._updateContextKeys (/home/modus/.vscode-oss/extensions/eamodio.gitlens-15.1.0-universal/dist/gitlens.js:1099:18425)
	at s (/home/modus/.vscode-oss/extensions/eamodio.gitlens-15.1.0-universal/dist/gitlens.js:1099:16869)
	at RegisteredActionRunner.unregister (/home/modus/.vscode-oss/extensions/eamodio.gitlens-15.1.0-universal/dist/gitlens.js:1099:17012)
	at RegisteredActionRunner.dispose (/home/modus/.vscode-oss/extensions/eamodio.gitlens-15.1.0-universal/dist/gitlens.js:1099:15665)
	at ActionRunners.dispose (/home/modus/.vscode-oss/extensions/eamodio.gitlens-15.1.0-universal/dist/gitlens.js:1099:16452)
	at /home/modus/.vscode-oss/extensions/eamodio.gitlens-15.1.0-universal/dist/gitlens.js:1412:20105
	at Array.forEach (<anonymous>)
	at Object.dispose (/home/modus/.vscode-oss/extensions/eamodio.gitlens-15.1.0-universal/dist/gitlens.js:1412:20087)
	at f (/opt/vscodium-bin/resources/app/out/vs/workbench/api/node/extensionHostProcess.js:30:758)
	at u._deactivate (/opt/vscodium-bin/resources/app/out/vs/workbench/api/node/extensionHostProcess.js:159:13000)
	at /opt/vscodium-bin/resources/app/out/vs/workbench/api/node/extensionHostProcess.js:159:10146
	at Array.map (<anonymous>)
	at u._deactivateAll (/opt/vscodium-bin/resources/app/out/vs/workbench/api/node/extensionHostProcess.js:159:10133)
	at u.terminate (/opt/vscodium-bin/resources/app/out/vs/workbench/api/node/extensionHostProcess.js:159:10516)
	at f.terminate (/opt/vscodium-bin/resources/app/out/vs/workbench/api/node/extensionHostProcess.js:163:1908)
	at t (/opt/vscodium-bin/resources/app/out/vs/workbench/api/node/extensionHostProcess.js:176:12164)
	at MessagePortMain.<anonymous> (/opt/vscodium-bin/resources/app/out/vs/workbench/api/node/extensionHostProcess.js:176:8030)
	at MessagePortMain.emit (node:events:514:28)
	at MessagePortMain._internalPort.emit (node:electron/js2c/utility_init:2:2285) setContext undefined
2024-07-04 21:18:52.044 [info] Extension host with pid 18097 exiting with code 0
